#
# There is insufficient memory for the Java Runtime Environment to continue.
# Native memory allocation (mmap) failed to map 132120576 bytes for Failed to commit area from 0x0000000082000000 to 0x0000000089e00000 of length 132120576.
# Possible reasons:
#   The system is out of physical RAM or swap space
#   The process is running with CompressedOops enabled, and the Java Heap may be blocking the growth of the native heap
# Possible solutions:
#   Reduce memory load on the system
#   Increase physical memory or swap space
#   Check if swap backing store is full
#   Decrease Java heap size (-Xmx/-Xms)
#   Decrease number of Java threads
#   Decrease Java thread stack sizes (-Xss)
#   Set larger code cache with -XX:ReservedCodeCacheSize=
# This output file may be truncated or incomplete.
#
#  Out of Memory Error (./open/src/hotspot/os/windows/os_windows.cpp:3271), pid=6408, tid=11792
#
# JRE version:  (11.0.7+8) (build )
# Java VM: Java HotSpot(TM) 64-Bit Server VM (11.0.7+8-LTS, mixed mode, sharing, tiered, compressed oops, g1 gc, windows-amd64)
# No core dump will be written. Minidumps are not enabled by default on client versions of Windows
#

---------------  S U M M A R Y ------------

Command Line: C:\Users\diksh\AppData\Local\Temp\surefire6556886511433833399\surefirebooter15519422104165068993.jar C:\Users\diksh\AppData\Local\Temp\surefire6556886511433833399 2020-07-18T19-46-35_751-jvmRun1 surefire18277587421465267127tmp surefire_010073927292113176671tmp

Host: Intel(R) Core(TM) i3-6006U CPU @ 2.00GHz, 4 cores, 7G,  Windows 10 , 64 bit Build 18362 (10.0.18362.900)
Time: Sat Jul 18 19:46:36 2020 India Standard Time elapsed time: 0 seconds (0d 0h 0m 0s)

---------------  T H R E A D  ---------------

Current thread (0x000002219a23a000):  JavaThread "Unknown thread" [_thread_in_vm, id=11792, stack(0x000000d2f4600000,0x000000d2f4700000)]

Stack: [0x000000d2f4600000,0x000000d2f4700000]
Native frames: (J=compiled Java code, j=interpreted, Vv=VM code, C=native code)
V  [jvm.dll+0x661a7a]
V  [jvm.dll+0x7a1b2f]
V  [jvm.dll+0x7a31d5]
V  [jvm.dll+0x7a3843]
V  [jvm.dll+0x25f1a8]
V  [jvm.dll+0x65ee8a]
V  [jvm.dll+0x653865]
V  [jvm.dll+0x316adc]
V  [jvm.dll+0x316962]
V  [jvm.dll+0x31c1d6]
V  [jvm.dll+0x3688af]
V  [jvm.dll+0x3682d0]
V  [jvm.dll+0x2f3888]
V  [jvm.dll+0x2f49e6]
V  [jvm.dll+0x77ac57]
V  [jvm.dll+0x77c52f]
V  [jvm.dll+0x3755a9]
V  [jvm.dll+0x75fe6e]
V  [jvm.dll+0x3e5b7d]
V  [jvm.dll+0x3e8091]
C  [java.exe+0x3607]
C  [java.exe+0x178dc]
C  [KERNEL32.DLL+0x17bd4]
C  [ntdll.dll+0x6ce51]


---------------  P R O C E S S  ---------------

Threads class SMR info:
_java_thread_list=0x0000022198173c50, length=0, elements={
}

Java Threads: ( => current thread )

Other Threads:
  0x000002219a252800 GCTaskThread "GC Thread#0" [stack: 0x000000d2f4700000,0x000000d2f4800000] [id=15288]
  0x000002219a282000 ConcurrentGCThread "G1 Main Marker" [stack: 0x000000d2f4800000,0x000000d2f4900000] [id=4280]
  0x000002219a283800 ConcurrentGCThread "G1 Conc#0" [stack: 0x000000d2f4900000,0x000000d2f4a00000] [id=13568]

[error occurred during error reporting (printing all threads), id 0xc0000005, EXCEPTION_ACCESS_VIOLATION (0xc0000005) at pc=0x00007fffacb72047]

VM state:not at safepoint (not fully initialized)

VM Mutex/Monitor currently owned by a thread:  ([mutex/lock_event])
[0x000002219a2395f0] Heap_lock - owner thread: 0x000002219a23a000

Heap address: 0x0000000082000000, size: 2016 MB, Compressed Oops mode: Non-zero based: 0x0000000082000000
Narrow klass base: 0x0000000000000000, Narrow klass shift: 0

GC Heap History (0 events):
No events

Deoptimization events (0 events):
No events

Classes redefined (0 events):
No events

Internal exceptions (0 events):
No events

Events (0 events):
No events


Dynamic libraries:
0x00007ff641e10000 - 0x00007ff641e57000 	C:\Program Files\Java\jdk-11.0.7\bin\java.exe
0x00007ff80ed40000 - 0x00007ff80ef30000 	C:\WINDOWS\SYSTEM32\ntdll.dll
0x00007ffff1300000 - 0x00007ffff1313000 	C:\Program Files (x86)\AVG\Antivirus\aswhook.dll
0x00007ff80e750000 - 0x00007ff80e802000 	C:\WINDOWS\System32\KERNEL32.DLL
0x00007ff80c1d0000 - 0x00007ff80c474000 	C:\WINDOWS\System32\KERNELBASE.dll
0x00007ff80ea20000 - 0x00007ff80eac3000 	C:\WINDOWS\System32\ADVAPI32.dll
0x00007ff80df50000 - 0x00007ff80dfee000 	C:\WINDOWS\System32\msvcrt.dll
0x00007ff80ceb0000 - 0x00007ff80cf47000 	C:\WINDOWS\System32\sechost.dll
0x00007ff80e5b0000 - 0x00007ff80e6d0000 	C:\WINDOWS\System32\RPCRT4.dll
0x00007ff80dd50000 - 0x00007ff80dee4000 	C:\WINDOWS\System32\USER32.dll
0x00007ff80be70000 - 0x00007ff80be91000 	C:\WINDOWS\System32\win32u.dll
0x00007ff80d1b0000 - 0x00007ff80d1d6000 	C:\WINDOWS\System32\GDI32.dll
0x00007ff80bcd0000 - 0x00007ff80be65000 	C:\WINDOWS\System32\gdi32full.dll
0x00007ff80cd50000 - 0x00007ff80cdee000 	C:\WINDOWS\System32\msvcp_win.dll
0x00007ff80c0b0000 - 0x00007ff80c1aa000 	C:\WINDOWS\System32\ucrtbase.dll
0x00007ffff04e0000 - 0x00007ffff0764000 	C:\WINDOWS\WinSxS\amd64_microsoft.windows.common-controls_6595b64144ccf1df_6.0.18362.900_none_e6beb9d913147d17\COMCTL32.dll
0x00007ff80da00000 - 0x00007ff80dd35000 	C:\WINDOWS\System32\combase.dll
0x00007ff80bfa0000 - 0x00007ff80c020000 	C:\WINDOWS\System32\bcryptPrimitives.dll
0x00007ff801970000 - 0x00007ff80197a000 	C:\WINDOWS\SYSTEM32\VERSION.dll
0x00007ff80d180000 - 0x00007ff80d1ae000 	C:\WINDOWS\System32\IMM32.DLL
0x00007ffffdec0000 - 0x00007ffffded6000 	C:\Program Files\Java\jdk-11.0.7\bin\vcruntime140.dll
0x00007fffda2a0000 - 0x00007fffda34a000 	C:\Program Files\Java\jdk-11.0.7\bin\msvcp140.dll
0x00007fffac870000 - 0x00007fffad3d1000 	C:\Program Files\Java\jdk-11.0.7\bin\server\jvm.dll
0x00007ff80cea0000 - 0x00007ff80cea8000 	C:\WINDOWS\System32\PSAPI.DLL
0x00007ffffbeb0000 - 0x00007ffffbeb9000 	C:\WINDOWS\SYSTEM32\WSOCK32.dll
0x00007ff80d990000 - 0x00007ff80d9ff000 	C:\WINDOWS\System32\WS2_32.dll
0x00007ff808720000 - 0x00007ff808744000 	C:\WINDOWS\SYSTEM32\WINMM.dll
0x00007ff8086f0000 - 0x00007ff80871d000 	C:\WINDOWS\SYSTEM32\WINMMBASE.dll
0x00007ff80bf50000 - 0x00007ff80bf9a000 	C:\WINDOWS\System32\cfgmgr32.dll
0x00007ff80bc10000 - 0x00007ff80bc21000 	C:\WINDOWS\System32\kernel.appcore.dll
0x00007ffffe0e0000 - 0x00007ffffe0f1000 	C:\Program Files\Java\jdk-11.0.7\bin\verify.dll
0x00007ff80a520000 - 0x00007ff80a714000 	C:\WINDOWS\SYSTEM32\DBGHELP.DLL
0x00007ff800df0000 - 0x00007ff800e1a000 	C:\WINDOWS\SYSTEM32\dbgcore.DLL
0x00007ffffcbe0000 - 0x00007ffffcc09000 	C:\Program Files\Java\jdk-11.0.7\bin\java.dll
0x00007ffffddb0000 - 0x00007ffffddba000 	C:\Program Files\Java\jdk-11.0.7\bin\jimage.dll
0x00007ffffd7a0000 - 0x00007ffffd7b6000 	C:\Program Files\Java\jdk-11.0.7\bin\zip.dll

dbghelp: loaded successfully - version: 4.0.5 - missing functions: none
symbol engine: initialized successfully - sym options: 0x614 - pdb path: .;C:\Program Files\Java\jdk-11.0.7\bin;C:\WINDOWS\SYSTEM32;C:\Program Files (x86)\AVG\Antivirus;C:\WINDOWS\WinSxS\amd64_microsoft.windows.common-controls_6595b64144ccf1df_6.0.18362.900_none_e6beb9d913147d17;C:\Program Files\Java\jdk-11.0.7\bin\server

VM Arguments:
java_command: C:\Users\diksh\AppData\Local\Temp\surefire6556886511433833399\surefirebooter15519422104165068993.jar C:\Users\diksh\AppData\Local\Temp\surefire6556886511433833399 2020-07-18T19-46-35_751-jvmRun1 surefire18277587421465267127tmp surefire_010073927292113176671tmp
java_class_path (initial): C:\Users\diksh\AppData\Local\Temp\surefire6556886511433833399\surefirebooter15519422104165068993.jar
Launcher Type: SUN_STANDARD

[Global flags]
     intx CICompilerCount                          = 3                                         {product} {ergonomic}
     uint ConcGCThreads                            = 1                                         {product} {ergonomic}
     uint G1ConcRefinementThreads                  = 4                                         {product} {ergonomic}
   size_t G1HeapRegionSize                         = 1048576                                   {product} {ergonomic}
    uintx GCDrainStackTargetSize                   = 64                                        {product} {ergonomic}
   size_t InitialHeapSize                          = 132120576                                 {product} {ergonomic}
   size_t MarkStackSize                            = 4194304                                   {product} {ergonomic}
   size_t MaxHeapSize                              = 2113929216                                {product} {ergonomic}
   size_t MinHeapDeltaBytes                        = 1048576                                   {product} {ergonomic}
    uintx NonNMethodCodeHeapSize                   = 5830732                                {pd product} {ergonomic}
    uintx NonProfiledCodeHeapSize                  = 122913754                              {pd product} {ergonomic}
    uintx ProfiledCodeHeapSize                     = 122913754                              {pd product} {ergonomic}
    uintx ReservedCodeCacheSize                    = 251658240                              {pd product} {ergonomic}
     bool SegmentedCodeCache                       = true                                      {product} {ergonomic}
     bool UseCompressedClassPointers               = true                                 {lp64_product} {ergonomic}
     bool UseCompressedOops                        = true                                 {lp64_product} {ergonomic}
     bool UseG1GC                                  = true                                      {product} {ergonomic}
     bool UseLargePagesIndividualAllocation        = false                                  {pd product} {ergonomic}

Logging:
Log output configuration:
 #0: stdout all=warning uptime,level,tags
 #1: stderr all=off uptime,level,tags

Environment Variables:
JAVA_HOME=C:\Program Files\Java\jdk-11.0.7
PATH=C:/Program Files/Java/jdk-11.0.7/bin/server;C:/Program Files/Java/jdk-11.0.7/bin;C:\oraclexe\app\oracle\product\11.2.0\server\bin;C:\Program Files (x86)\Intel\iCLS Client\;C:\Program Files\Intel\iCLS Client\;C:\WINDOWS\system32;C:\WINDOWS;C:\WINDOWS\System32\Wbem;C:\WINDOWS\System32\WindowsPowerShell\v1.0\;C:\Users\diksh\Desktop\MAVEN\apache-maven-3.6.3-bin\apache-maven-3.6.3\bin;C:\Program Files (x86)\Intel\Intel(R) Management Engine Components\DAL;C:\Program Files\Intel\Intel(R) Management Engine Components\DAL;C:\Program Files (x86)\Intel\Intel(R) Management Engine Components\IPT;C:\Program Files\Intel\Intel(R) Management Engine Components\IPT;%TESTNG_HOME%\testng-6.14.3.jar;C:\WINDOWS\System32\OpenSSH\;C:\Android;C:\Windows\System32;notepad++;C:\Program Files\Microsoft SQL Server\Client SDK\ODBC\130\Tools\Binn\;C:\Program Files (x86)\Microsoft SQL Server\140\Tools\Binn\;C:\Program Files\Microsoft SQL Server\140\Tools\Binn\;C:\Program Files\Microsoft SQL Server\140\DTS\Binn\;C:\Program Files (x86)\Microsoft SQL Server\150\DTS\Binn\;C:\Program Files\nodejs\;C:\Users\diksh\AppData\Local\Android\Sdk\platform-tools;C:\Users\diksh\AppData\Local\Android\Sdk\tools;C:\Users\diksh\AppData\Local\Android\Sdk\tools\bin;C:\Program Files\Git\cmd;C:\Program Files\Java\jdk-11.0.7\bin;C:\Program Files\dotnet\;C:\Program Files\TortoiseGit\bin;C:\Program Files\Microsoft SQL Server\130\Tools\Binn\;C:\Program Files\Microsoft SQL Server\Client SDK\ODBC\170\Tools\Binn\;C:\Program Files\MySQL\MySQL Shell 8.0\bin\;C:\Users\diksh\AppData\Local\Microsoft\WindowsApps;C:\Users\diksh\AppData\Roaming\npm;C:\Users\diksh\.dotnet\tools;C:\Users\diksh\AppData\Local\Programs\Microsoft VS Code\bin;C:\Users\diksh\.dotnet\tools;C:\Users\diksh\Desktop;
USERNAME=diksh
OS=Windows_NT
PROCESSOR_IDENTIFIER=Intel64 Family 6 Model 78 Stepping 3, GenuineIntel



---------------  S Y S T E M  ---------------

OS: Windows 10 , 64 bit Build 18362 (10.0.18362.900)

CPU:total 4 (initial active 4) (2 cores per cpu, 2 threads per core) family 6 model 78 stepping 3, cmov, cx8, fxsr, mmx, sse, sse2, sse3, ssse3, sse4.1, sse4.2, popcnt, avx, avx2, aes, clmul, erms, 3dnowpref, lzcnt, ht, tsc, tscinvbit, bmi1, bmi2, adx, fma

Memory: 4k page, system-wide physical 8061M (1843M free)
TotalPageFile size 10109M (AvailPageFile size 80M)
current process WorkingSet (physical memory assigned to process): 9M, peak: 9M
current process commit charge ("private bytes"): 51M, peak: 177M

vm_info: Java HotSpot(TM) 64-Bit Server VM (11.0.7+8-LTS) for windows-amd64 JRE (11.0.7+8-LTS), built on Mar 12 2020 02:04:32 by "mach5one" with MS VC++ 15.5 (VS2017)

END.
