#
# There is insufficient memory for the Java Runtime Environment to continue.
# Native memory allocation (malloc) failed to allocate 429936 bytes for Chunk::new
# Possible reasons:
#   The system is out of physical RAM or swap space
#   The process is running with CompressedOops enabled, and the Java Heap may be blocking the growth of the native heap
# Possible solutions:
#   Reduce memory load on the system
#   Increase physical memory or swap space
#   Check if swap backing store is full
#   Decrease Java heap size (-Xmx/-Xms)
#   Decrease number of Java threads
#   Decrease Java thread stack sizes (-Xss)
#   Set larger code cache with -XX:ReservedCodeCacheSize=
#   JVM is running with Unscaled Compressed Oops mode in which the Java heap is
#     placed in the first 4GB address space. The Java Heap base address is the
#     maximum limit for the native heap growth. Please use -XX:HeapBaseMinAddress
#     to set the Java Heap base and to place the Java Heap above 4GB virtual address.
# This output file may be truncated or incomplete.
#
#  Out of Memory Error (./open/src/hotspot/share/memory/arena.cpp:197), pid=10832, tid=7568
#
# JRE version: Java(TM) SE Runtime Environment 18.9 (11.0.7+8) (build 11.0.7+8-LTS)
# Java VM: Java HotSpot(TM) 64-Bit Server VM 18.9 (11.0.7+8-LTS, mixed mode, tiered, compressed oops, g1 gc, windows-amd64)
# No core dump will be written. Minidumps are not enabled by default on client versions of Windows
#

---------------  S U M M A R Y ------------

Command Line: -Dclassworlds.conf=C:\Users\diksh\Desktop\MAVEN\apache-maven-3.6.3-bin\apache-maven-3.6.3\bin\..\bin\m2.conf -Dmaven.home=C:\Users\diksh\Desktop\MAVEN\apache-maven-3.6.3-bin\apache-maven-3.6.3\bin\.. -Dlibrary.jansi.path=C:\Users\diksh\Desktop\MAVEN\apache-maven-3.6.3-bin\apache-maven-3.6.3\bin\..\lib\jansi-native -Dmaven.multiModuleProjectDirectory=C:\Users\diksh\Downloads\CiCdIntegration-master\CiCdIntegration-master org.codehaus.plexus.classworlds.launcher.Launcher test

Host: Intel(R) Core(TM) i3-6006U CPU @ 2.00GHz, 4 cores, 7G,  Windows 10 , 64 bit Build 18362 (10.0.18362.900)
Time: Sat Jul 18 19:21:57 2020 India Standard Time elapsed time: 7 seconds (0d 0h 0m 7s)

---------------  T H R E A D  ---------------

Current thread (0x0000029f658f7000):  JavaThread "C2 CompilerThread0" daemon [_thread_in_native, id=7568, stack(0x000000f5bb900000,0x000000f5bba00000)]


Current CompileTask:
C2:   7448 2517   !   4       java.net.URL::<init> (543 bytes)

Stack: [0x000000f5bb900000,0x000000f5bba00000]
Native frames: (J=compiled Java code, j=interpreted, Vv=VM code, C=native code)
V  [jvm.dll+0x661a7a]
V  [jvm.dll+0x7a1b2f]
V  [jvm.dll+0x7a31d5]
V  [jvm.dll+0x7a3843]
V  [jvm.dll+0x25f1a8]
V  [jvm.dll+0xc2441]
V  [jvm.dll+0xc29cc]
V  [jvm.dll+0x36fd27]
V  [jvm.dll+0x1a972f]
V  [jvm.dll+0x2187f2]
V  [jvm.dll+0x21788a]
V  [jvm.dll+0x19407c]
V  [jvm.dll+0x226c74]
V  [jvm.dll+0x224e98]
V  [jvm.dll+0x765e25]
V  [jvm.dll+0x75e875]
V  [jvm.dll+0x660b26]
C  [ucrtbase.dll+0x20e82]
C  [KERNEL32.DLL+0x17bd4]
C  [ntdll.dll+0x6ce51]


---------------  P R O C E S S  ---------------

Threads class SMR info:
_java_thread_list=0x0000029f67753b10, length=11, elements={
0x0000029f4750b000, 0x0000029f658d6800, 0x0000029f658e0000, 0x0000029f658f3000,
0x0000029f658f3800, 0x0000029f658f7000, 0x0000029f65901000, 0x0000029f65903000,
0x0000029f663c5000, 0x0000029f663c2000, 0x0000029f66dfd800
}

Java Threads: ( => current thread )
  0x0000029f4750b000 JavaThread "main" [_thread_in_vm, id=9240, stack(0x000000f5bae00000,0x000000f5baf00000)]
  0x0000029f658d6800 JavaThread "Reference Handler" daemon [_thread_blocked, id=7448, stack(0x000000f5bb500000,0x000000f5bb600000)]
  0x0000029f658e0000 JavaThread "Finalizer" daemon [_thread_blocked, id=14548, stack(0x000000f5bb600000,0x000000f5bb700000)]
  0x0000029f658f3000 JavaThread "Signal Dispatcher" daemon [_thread_blocked, id=11756, stack(0x000000f5bb700000,0x000000f5bb800000)]
  0x0000029f658f3800 JavaThread "Attach Listener" daemon [_thread_blocked, id=15120, stack(0x000000f5bb800000,0x000000f5bb900000)]
=>0x0000029f658f7000 JavaThread "C2 CompilerThread0" daemon [_thread_in_native, id=7568, stack(0x000000f5bb900000,0x000000f5bba00000)]
  0x0000029f65901000 JavaThread "C1 CompilerThread0" daemon [_thread_blocked, id=12180, stack(0x000000f5bba00000,0x000000f5bbb00000)]
  0x0000029f65903000 JavaThread "Sweeper thread" daemon [_thread_blocked, id=18536, stack(0x000000f5bbb00000,0x000000f5bbc00000)]
  0x0000029f663c5000 JavaThread "Service Thread" daemon [_thread_blocked, id=10856, stack(0x000000f5bbc00000,0x000000f5bbd00000)]
  0x0000029f663c2000 JavaThread "Common-Cleaner" daemon [_thread_blocked, id=12476, stack(0x000000f5bbe00000,0x000000f5bbf00000)]
  0x0000029f66dfd800 JavaThread "C2 CompilerThread1" daemon [_thread_blocked, id=15412, stack(0x000000f5bc100000,0x000000f5bc200000)]

Other Threads:
  0x0000029f658b2000 VMThread "VM Thread" [stack: 0x000000f5bb400000,0x000000f5bb500000] [id=12904]
  0x0000029f663c9800 WatcherThread [stack: 0x000000f5bbd00000,0x000000f5bbe00000] [id=15964]
  0x0000029f47522000 GCTaskThread "GC Thread#0" [stack: 0x000000f5baf00000,0x000000f5bb000000] [id=9388]
  0x0000029f66a78800 GCTaskThread "GC Thread#1" [stack: 0x000000f5bbf00000,0x000000f5bc000000] [id=2024]
  0x0000029f6704a800 GCTaskThread "GC Thread#2" [stack: 0x000000f5bc000000,0x000000f5bc100000] [id=18312]
  0x0000029f47555000 ConcurrentGCThread "G1 Main Marker" [stack: 0x000000f5bb000000,0x000000f5bb100000] [id=3856]
  0x0000029f47556800 ConcurrentGCThread "G1 Conc#0" [stack: 0x000000f5bb100000,0x000000f5bb200000] [id=14072]
  0x0000029f65720800 ConcurrentGCThread "G1 Refine#0" [stack: 0x000000f5bb200000,0x000000f5bb300000] [id=8904]
  0x0000029f65721800 ConcurrentGCThread "G1 Young RemSet Sampling" [stack: 0x000000f5bb300000,0x000000f5bb400000] [id=2532]

Threads with active compile tasks:
C2 CompilerThread02517   !   4       java.net.URL::<init> (543 bytes)

VM state:not at safepoint (normal execution)

VM Mutex/Monitor currently owned by a thread: None

Heap address: 0x0000000082000000, size: 2016 MB, Compressed Oops mode: 32-bit
Narrow klass base: 0x0000000000000000, Narrow klass shift: 3
Compressed class space size: 1073741824 Address: 0x0000000100000000

Heap:
 garbage-first heap   total 129024K, used 21238K [0x0000000082000000, 0x0000000100000000)
  region size 1024K, 19 young (19456K), 4 survivors (4096K)
 Metaspace       used 23727K, capacity 24172K, committed 24496K, reserved 1071104K
  class space    used 2589K, capacity 2756K, committed 2816K, reserved 1048576K
Heap Regions: E=young(eden), S=young(survivor), O=old, HS=humongous(starts), HC=humongous(continues), CS=collection set, F=free, A=archive, TAMS=top-at-mark-start (previous, next)
|   0|0x0000000082000000, 0x0000000082100000, 0x0000000082100000|100%| O|  |TAMS 0x0000000082100000, 0x0000000082000000| Untracked 
|   1|0x0000000082100000, 0x0000000082200000, 0x0000000082200000|100%| O|  |TAMS 0x0000000082200000, 0x0000000082100000| Untracked 
|   2|0x0000000082200000, 0x0000000082300000, 0x0000000082300000|100%| O|  |TAMS 0x0000000082300000, 0x0000000082200000| Untracked 
|   3|0x0000000082300000, 0x0000000082331200, 0x0000000082400000| 19%| O|  |TAMS 0x0000000082331200, 0x0000000082300000| Untracked 
|   4|0x0000000082400000, 0x0000000082400000, 0x0000000082500000|  0%| F|  |TAMS 0x0000000082400000, 0x0000000082400000| Untracked 
|   5|0x0000000082500000, 0x0000000082500000, 0x0000000082600000|  0%| F|  |TAMS 0x0000000082500000, 0x0000000082500000| Untracked 
|   6|0x0000000082600000, 0x0000000082600000, 0x0000000082700000|  0%| F|  |TAMS 0x0000000082600000, 0x0000000082600000| Untracked 
|   7|0x0000000082700000, 0x0000000082700000, 0x0000000082800000|  0%| F|  |TAMS 0x0000000082700000, 0x0000000082700000| Untracked 
|   8|0x0000000082800000, 0x0000000082800000, 0x0000000082900000|  0%| F|  |TAMS 0x0000000082800000, 0x0000000082800000| Untracked 
|   9|0x0000000082900000, 0x0000000082900000, 0x0000000082a00000|  0%| F|  |TAMS 0x0000000082900000, 0x0000000082900000| Untracked 
|  10|0x0000000082a00000, 0x0000000082a00000, 0x0000000082b00000|  0%| F|  |TAMS 0x0000000082a00000, 0x0000000082a00000| Untracked 
|  11|0x0000000082b00000, 0x0000000082b00000, 0x0000000082c00000|  0%| F|  |TAMS 0x0000000082b00000, 0x0000000082b00000| Untracked 
|  12|0x0000000082c00000, 0x0000000082c00000, 0x0000000082d00000|  0%| F|  |TAMS 0x0000000082c00000, 0x0000000082c00000| Untracked 
|  13|0x0000000082d00000, 0x0000000082d00000, 0x0000000082e00000|  0%| F|  |TAMS 0x0000000082d00000, 0x0000000082d00000| Untracked 
|  14|0x0000000082e00000, 0x0000000082e00000, 0x0000000082f00000|  0%| F|  |TAMS 0x0000000082e00000, 0x0000000082e00000| Untracked 
|  15|0x0000000082f00000, 0x0000000082f00000, 0x0000000083000000|  0%| F|  |TAMS 0x0000000082f00000, 0x0000000082f00000| Untracked 
|  16|0x0000000083000000, 0x0000000083000000, 0x0000000083100000|  0%| F|  |TAMS 0x0000000083000000, 0x0000000083000000| Untracked 
|  17|0x0000000083100000, 0x0000000083100000, 0x0000000083200000|  0%| F|  |TAMS 0x0000000083100000, 0x0000000083100000| Untracked 
|  18|0x0000000083200000, 0x0000000083200000, 0x0000000083300000|  0%| F|  |TAMS 0x0000000083200000, 0x0000000083200000| Untracked 
|  19|0x0000000083300000, 0x0000000083300000, 0x0000000083400000|  0%| F|  |TAMS 0x0000000083300000, 0x0000000083300000| Untracked 
|  20|0x0000000083400000, 0x0000000083400000, 0x0000000083500000|  0%| F|  |TAMS 0x0000000083400000, 0x0000000083400000| Untracked 
|  21|0x0000000083500000, 0x0000000083500000, 0x0000000083600000|  0%| F|  |TAMS 0x0000000083500000, 0x0000000083500000| Untracked 
|  22|0x0000000083600000, 0x0000000083600000, 0x0000000083700000|  0%| F|  |TAMS 0x0000000083600000, 0x0000000083600000| Untracked 
|  23|0x0000000083700000, 0x0000000083700000, 0x0000000083800000|  0%| F|  |TAMS 0x0000000083700000, 0x0000000083700000| Untracked 
|  24|0x0000000083800000, 0x0000000083800000, 0x0000000083900000|  0%| F|  |TAMS 0x0000000083800000, 0x0000000083800000| Untracked 
|  25|0x0000000083900000, 0x0000000083900000, 0x0000000083a00000|  0%| F|  |TAMS 0x0000000083900000, 0x0000000083900000| Untracked 
|  26|0x0000000083a00000, 0x0000000083a00000, 0x0000000083b00000|  0%| F|  |TAMS 0x0000000083a00000, 0x0000000083a00000| Untracked 
|  27|0x0000000083b00000, 0x0000000083b00000, 0x0000000083c00000|  0%| F|  |TAMS 0x0000000083b00000, 0x0000000083b00000| Untracked 
|  28|0x0000000083c00000, 0x0000000083c00000, 0x0000000083d00000|  0%| F|  |TAMS 0x0000000083c00000, 0x0000000083c00000| Untracked 
|  29|0x0000000083d00000, 0x0000000083d00000, 0x0000000083e00000|  0%| F|  |TAMS 0x0000000083d00000, 0x0000000083d00000| Untracked 
|  30|0x0000000083e00000, 0x0000000083e00000, 0x0000000083f00000|  0%| F|  |TAMS 0x0000000083e00000, 0x0000000083e00000| Untracked 
|  31|0x0000000083f00000, 0x0000000083f00000, 0x0000000084000000|  0%| F|  |TAMS 0x0000000083f00000, 0x0000000083f00000| Untracked 
|  32|0x0000000084000000, 0x0000000084000000, 0x0000000084100000|  0%| F|  |TAMS 0x0000000084000000, 0x0000000084000000| Untracked 
|  33|0x0000000084100000, 0x0000000084100000, 0x0000000084200000|  0%| F|  |TAMS 0x0000000084100000, 0x0000000084100000| Untracked 
|  34|0x0000000084200000, 0x0000000084200000, 0x0000000084300000|  0%| F|  |TAMS 0x0000000084200000, 0x0000000084200000| Untracked 
|  35|0x0000000084300000, 0x0000000084300000, 0x0000000084400000|  0%| F|  |TAMS 0x0000000084300000, 0x0000000084300000| Untracked 
|  36|0x0000000084400000, 0x0000000084400000, 0x0000000084500000|  0%| F|  |TAMS 0x0000000084400000, 0x0000000084400000| Untracked 
|  37|0x0000000084500000, 0x0000000084500000, 0x0000000084600000|  0%| F|  |TAMS 0x0000000084500000, 0x0000000084500000| Untracked 
|  38|0x0000000084600000, 0x0000000084600000, 0x0000000084700000|  0%| F|  |TAMS 0x0000000084600000, 0x0000000084600000| Untracked 
|  39|0x0000000084700000, 0x0000000084700000, 0x0000000084800000|  0%| F|  |TAMS 0x0000000084700000, 0x0000000084700000| Untracked 
|  40|0x0000000084800000, 0x0000000084800000, 0x0000000084900000|  0%| F|  |TAMS 0x0000000084800000, 0x0000000084800000| Untracked 
|  41|0x0000000084900000, 0x0000000084900000, 0x0000000084a00000|  0%| F|  |TAMS 0x0000000084900000, 0x0000000084900000| Untracked 
|  42|0x0000000084a00000, 0x0000000084a00000, 0x0000000084b00000|  0%| F|  |TAMS 0x0000000084a00000, 0x0000000084a00000| Untracked 
|  43|0x0000000084b00000, 0x0000000084b00000, 0x0000000084c00000|  0%| F|  |TAMS 0x0000000084b00000, 0x0000000084b00000| Untracked 
|  44|0x0000000084c00000, 0x0000000084c00000, 0x0000000084d00000|  0%| F|  |TAMS 0x0000000084c00000, 0x0000000084c00000| Untracked 
|  45|0x0000000084d00000, 0x0000000084d00000, 0x0000000084e00000|  0%| F|  |TAMS 0x0000000084d00000, 0x0000000084d00000| Untracked 
|  46|0x0000000084e00000, 0x0000000084e00000, 0x0000000084f00000|  0%| F|  |TAMS 0x0000000084e00000, 0x0000000084e00000| Untracked 
|  47|0x0000000084f00000, 0x0000000084f00000, 0x0000000085000000|  0%| F|  |TAMS 0x0000000084f00000, 0x0000000084f00000| Untracked 
|  48|0x0000000085000000, 0x0000000085000000, 0x0000000085100000|  0%| F|  |TAMS 0x0000000085000000, 0x0000000085000000| Untracked 
|  49|0x0000000085100000, 0x0000000085100000, 0x0000000085200000|  0%| F|  |TAMS 0x0000000085100000, 0x0000000085100000| Untracked 
|  50|0x0000000085200000, 0x0000000085200000, 0x0000000085300000|  0%| F|  |TAMS 0x0000000085200000, 0x0000000085200000| Untracked 
|  51|0x0000000085300000, 0x0000000085300000, 0x0000000085400000|  0%| F|  |TAMS 0x0000000085300000, 0x0000000085300000| Untracked 
|  52|0x0000000085400000, 0x0000000085400000, 0x0000000085500000|  0%| F|  |TAMS 0x0000000085400000, 0x0000000085400000| Untracked 
|  53|0x0000000085500000, 0x0000000085500000, 0x0000000085600000|  0%| F|  |TAMS 0x0000000085500000, 0x0000000085500000| Untracked 
|  54|0x0000000085600000, 0x0000000085600000, 0x0000000085700000|  0%| F|  |TAMS 0x0000000085600000, 0x0000000085600000| Untracked 
|  55|0x0000000085700000, 0x0000000085700000, 0x0000000085800000|  0%| F|  |TAMS 0x0000000085700000, 0x0000000085700000| Untracked 
|  56|0x0000000085800000, 0x0000000085800000, 0x0000000085900000|  0%| F|  |TAMS 0x0000000085800000, 0x0000000085800000| Untracked 
|  57|0x0000000085900000, 0x0000000085900000, 0x0000000085a00000|  0%| F|  |TAMS 0x0000000085900000, 0x0000000085900000| Untracked 
|  58|0x0000000085a00000, 0x0000000085a00000, 0x0000000085b00000|  0%| F|  |TAMS 0x0000000085a00000, 0x0000000085a00000| Untracked 
|  59|0x0000000085b00000, 0x0000000085b00000, 0x0000000085c00000|  0%| F|  |TAMS 0x0000000085b00000, 0x0000000085b00000| Untracked 
|  60|0x0000000085c00000, 0x0000000085c00000, 0x0000000085d00000|  0%| F|  |TAMS 0x0000000085c00000, 0x0000000085c00000| Untracked 
|  61|0x0000000085d00000, 0x0000000085d00000, 0x0000000085e00000|  0%| F|  |TAMS 0x0000000085d00000, 0x0000000085d00000| Untracked 
|  62|0x0000000085e00000, 0x0000000085e00000, 0x0000000085f00000|  0%| F|  |TAMS 0x0000000085e00000, 0x0000000085e00000| Untracked 
|  63|0x0000000085f00000, 0x0000000085f00000, 0x0000000086000000|  0%| F|  |TAMS 0x0000000085f00000, 0x0000000085f00000| Untracked 
|  64|0x0000000086000000, 0x0000000086000000, 0x0000000086100000|  0%| F|  |TAMS 0x0000000086000000, 0x0000000086000000| Untracked 
|  65|0x0000000086100000, 0x0000000086100000, 0x0000000086200000|  0%| F|  |TAMS 0x0000000086100000, 0x0000000086100000| Untracked 
|  66|0x0000000086200000, 0x0000000086200000, 0x0000000086300000|  0%| F|  |TAMS 0x0000000086200000, 0x0000000086200000| Untracked 
|  67|0x0000000086300000, 0x0000000086300000, 0x0000000086400000|  0%| F|  |TAMS 0x0000000086300000, 0x0000000086300000| Untracked 
|  68|0x0000000086400000, 0x0000000086400000, 0x0000000086500000|  0%| F|  |TAMS 0x0000000086400000, 0x0000000086400000| Untracked 
|  69|0x0000000086500000, 0x0000000086500000, 0x0000000086600000|  0%| F|  |TAMS 0x0000000086500000, 0x0000000086500000| Untracked 
|  70|0x0000000086600000, 0x0000000086600000, 0x0000000086700000|  0%| F|  |TAMS 0x0000000086600000, 0x0000000086600000| Untracked 
|  71|0x0000000086700000, 0x0000000086700000, 0x0000000086800000|  0%| F|  |TAMS 0x0000000086700000, 0x0000000086700000| Untracked 
|  72|0x0000000086800000, 0x0000000086800000, 0x0000000086900000|  0%| F|  |TAMS 0x0000000086800000, 0x0000000086800000| Untracked 
|  73|0x0000000086900000, 0x0000000086900000, 0x0000000086a00000|  0%| F|  |TAMS 0x0000000086900000, 0x0000000086900000| Untracked 
|  74|0x0000000086a00000, 0x0000000086a00000, 0x0000000086b00000|  0%| F|  |TAMS 0x0000000086a00000, 0x0000000086a00000| Untracked 
|  75|0x0000000086b00000, 0x0000000086b00000, 0x0000000086c00000|  0%| F|  |TAMS 0x0000000086b00000, 0x0000000086b00000| Untracked 
|  76|0x0000000086c00000, 0x0000000086c00000, 0x0000000086d00000|  0%| F|  |TAMS 0x0000000086c00000, 0x0000000086c00000| Untracked 
|  77|0x0000000086d00000, 0x0000000086d00000, 0x0000000086e00000|  0%| F|  |TAMS 0x0000000086d00000, 0x0000000086d00000| Untracked 
|  78|0x0000000086e00000, 0x0000000086e00000, 0x0000000086f00000|  0%| F|  |TAMS 0x0000000086e00000, 0x0000000086e00000| Untracked 
|  79|0x0000000086f00000, 0x0000000086f00000, 0x0000000087000000|  0%| F|  |TAMS 0x0000000086f00000, 0x0000000086f00000| Untracked 
|  80|0x0000000087000000, 0x0000000087000000, 0x0000000087100000|  0%| F|  |TAMS 0x0000000087000000, 0x0000000087000000| Untracked 
|  81|0x0000000087100000, 0x0000000087100000, 0x0000000087200000|  0%| F|  |TAMS 0x0000000087100000, 0x0000000087100000| Untracked 
|  82|0x0000000087200000, 0x0000000087200000, 0x0000000087300000|  0%| F|  |TAMS 0x0000000087200000, 0x0000000087200000| Untracked 
|  83|0x0000000087300000, 0x0000000087300000, 0x0000000087400000|  0%| F|  |TAMS 0x0000000087300000, 0x0000000087300000| Untracked 
|  84|0x0000000087400000, 0x0000000087400000, 0x0000000087500000|  0%| F|  |TAMS 0x0000000087400000, 0x0000000087400000| Untracked 
|  85|0x0000000087500000, 0x0000000087500000, 0x0000000087600000|  0%| F|  |TAMS 0x0000000087500000, 0x0000000087500000| Untracked 
|  86|0x0000000087600000, 0x0000000087600000, 0x0000000087700000|  0%| F|  |TAMS 0x0000000087600000, 0x0000000087600000| Untracked 
|  87|0x0000000087700000, 0x0000000087700000, 0x0000000087800000|  0%| F|  |TAMS 0x0000000087700000, 0x0000000087700000| Untracked 
|  88|0x0000000087800000, 0x0000000087800000, 0x0000000087900000|  0%| F|  |TAMS 0x0000000087800000, 0x0000000087800000| Untracked 
|  89|0x0000000087900000, 0x0000000087900000, 0x0000000087a00000|  0%| F|  |TAMS 0x0000000087900000, 0x0000000087900000| Untracked 
|  90|0x0000000087a00000, 0x0000000087a00000, 0x0000000087b00000|  0%| F|  |TAMS 0x0000000087a00000, 0x0000000087a00000| Untracked 
|  91|0x0000000087b00000, 0x0000000087b00000, 0x0000000087c00000|  0%| F|  |TAMS 0x0000000087b00000, 0x0000000087b00000| Untracked 
|  92|0x0000000087c00000, 0x0000000087c00000, 0x0000000087d00000|  0%| F|  |TAMS 0x0000000087c00000, 0x0000000087c00000| Untracked 
|  93|0x0000000087d00000, 0x0000000087d00000, 0x0000000087e00000|  0%| F|  |TAMS 0x0000000087d00000, 0x0000000087d00000| Untracked 
|  94|0x0000000087e00000, 0x0000000087e8c818, 0x0000000087f00000| 54%| S|CS|TAMS 0x0000000087e00000, 0x0000000087e00000| Complete 
|  95|0x0000000087f00000, 0x0000000088000000, 0x0000000088000000|100%| S|CS|TAMS 0x0000000087f00000, 0x0000000087f00000| Complete 
|  96|0x0000000088000000, 0x0000000088000000, 0x0000000088100000|  0%| F|  |TAMS 0x0000000088000000, 0x0000000088000000| Untracked 
|  97|0x0000000088100000, 0x0000000088100000, 0x0000000088200000|  0%| F|  |TAMS 0x0000000088100000, 0x0000000088100000| Untracked 
|  98|0x0000000088200000, 0x0000000088300000, 0x0000000088300000|100%| S|CS|TAMS 0x0000000088200000, 0x0000000088200000| Complete 
|  99|0x0000000088300000, 0x0000000088400000, 0x0000000088400000|100%| S|CS|TAMS 0x0000000088300000, 0x0000000088300000| Complete 
| 100|0x0000000088400000, 0x0000000088400000, 0x0000000088500000|  0%| F|  |TAMS 0x0000000088400000, 0x0000000088400000| Untracked 
| 101|0x0000000088500000, 0x0000000088500000, 0x0000000088600000|  0%| F|  |TAMS 0x0000000088500000, 0x0000000088500000| Untracked 
| 102|0x0000000088600000, 0x0000000088600000, 0x0000000088700000|  0%| F|  |TAMS 0x0000000088600000, 0x0000000088600000| Untracked 
| 103|0x0000000088700000, 0x0000000088700000, 0x0000000088800000|  0%| F|  |TAMS 0x0000000088700000, 0x0000000088700000| Untracked 
| 104|0x0000000088800000, 0x0000000088800000, 0x0000000088900000|  0%| F|  |TAMS 0x0000000088800000, 0x0000000088800000| Untracked 
| 105|0x0000000088900000, 0x0000000088900000, 0x0000000088a00000|  0%| F|  |TAMS 0x0000000088900000, 0x0000000088900000| Untracked 
| 106|0x0000000088a00000, 0x0000000088a00000, 0x0000000088b00000|  0%| F|  |TAMS 0x0000000088a00000, 0x0000000088a00000| Untracked 
| 107|0x0000000088b00000, 0x0000000088b00000, 0x0000000088c00000|  0%| F|  |TAMS 0x0000000088b00000, 0x0000000088b00000| Untracked 
| 108|0x0000000088c00000, 0x0000000088c00000, 0x0000000088d00000|  0%| F|  |TAMS 0x0000000088c00000, 0x0000000088c00000| Untracked 
| 109|0x0000000088d00000, 0x0000000088d00000, 0x0000000088e00000|  0%| F|  |TAMS 0x0000000088d00000, 0x0000000088d00000| Untracked 
| 110|0x0000000088e00000, 0x0000000088e00000, 0x0000000088f00000|  0%| F|  |TAMS 0x0000000088e00000, 0x0000000088e00000| Untracked 
| 111|0x0000000088f00000, 0x0000000088f80800, 0x0000000089000000| 50%| E|  |TAMS 0x0000000088f00000, 0x0000000088f00000| Complete 
| 112|0x0000000089000000, 0x0000000089100000, 0x0000000089100000|100%| E|CS|TAMS 0x0000000089000000, 0x0000000089000000| Complete 
| 113|0x0000000089100000, 0x0000000089200000, 0x0000000089200000|100%| E|CS|TAMS 0x0000000089100000, 0x0000000089100000| Complete 
| 114|0x0000000089200000, 0x0000000089300000, 0x0000000089300000|100%| E|CS|TAMS 0x0000000089200000, 0x0000000089200000| Complete 
| 115|0x0000000089300000, 0x0000000089400000, 0x0000000089400000|100%| E|CS|TAMS 0x0000000089300000, 0x0000000089300000| Complete 
| 116|0x0000000089400000, 0x0000000089500000, 0x0000000089500000|100%| E|CS|TAMS 0x0000000089400000, 0x0000000089400000| Complete 
| 117|0x0000000089500000, 0x0000000089600000, 0x0000000089600000|100%| E|CS|TAMS 0x0000000089500000, 0x0000000089500000| Complete 
| 118|0x0000000089600000, 0x0000000089700000, 0x0000000089700000|100%| E|CS|TAMS 0x0000000089600000, 0x0000000089600000| Complete 
| 119|0x0000000089700000, 0x0000000089800000, 0x0000000089800000|100%| E|CS|TAMS 0x0000000089700000, 0x0000000089700000| Complete 
| 120|0x0000000089800000, 0x0000000089900000, 0x0000000089900000|100%| E|CS|TAMS 0x0000000089800000, 0x0000000089800000| Complete 
| 121|0x0000000089900000, 0x0000000089a00000, 0x0000000089a00000|100%| E|CS|TAMS 0x0000000089900000, 0x0000000089900000| Complete 
| 122|0x0000000089a00000, 0x0000000089b00000, 0x0000000089b00000|100%| E|CS|TAMS 0x0000000089a00000, 0x0000000089a00000| Complete 
| 123|0x0000000089b00000, 0x0000000089c00000, 0x0000000089c00000|100%| E|CS|TAMS 0x0000000089b00000, 0x0000000089b00000| Complete 
| 124|0x0000000089c00000, 0x0000000089d00000, 0x0000000089d00000|100%| E|CS|TAMS 0x0000000089c00000, 0x0000000089c00000| Complete 
| 125|0x0000000089d00000, 0x0000000089e00000, 0x0000000089e00000|100%| E|CS|TAMS 0x0000000089d00000, 0x0000000089d00000| Complete 

Card table byte_map: [0x0000029f5ed00000,0x0000029f5f0f0000] _byte_map_base: 0x0000029f5e8f0000

Marking Bits (Prev, Next): (CMBitMap*) 0x0000029f4754c610, (CMBitMap*) 0x0000029f4754c5d8
 Prev Bits: [0x0000029f61460000, 0x0000029f633e0000)
 Next Bits: [0x0000029f5f4e0000, 0x0000029f61460000)

Polling page: 0x0000029f453b0000

Metaspace:

Usage:
  Non-class:     20.91 MB capacity,    20.64 MB ( 99%) used,   250.31 KB (  1%) free+waste,    28.25 KB ( <1%) overhead. 
      Class:      2.69 MB capacity,     2.53 MB ( 94%) used,   154.94 KB (  6%) free+waste,    11.44 KB ( <1%) overhead. 
       Both:     23.61 MB capacity,    23.17 MB ( 98%) used,   405.25 KB (  2%) free+waste,    39.69 KB ( <1%) overhead. 

Virtual space:
  Non-class space:       22.00 MB reserved,      21.17 MB ( 96%) committed 
      Class space:        1.00 GB reserved,       2.75 MB ( <1%) committed 
             Both:        1.02 GB reserved,      23.92 MB (  2%) committed 

Chunk freelists:
   Non-Class:  9.00 KB
       Class:  3.50 KB
        Both:  12.50 KB

CodeHeap 'non-profiled nmethods': size=120064Kb used=1060Kb max_used=1060Kb free=119003Kb
 bounds [0x0000029f573d0000, 0x0000029f57640000, 0x0000029f5e910000]
CodeHeap 'profiled nmethods': size=120000Kb used=5334Kb max_used=5334Kb free=114665Kb
 bounds [0x0000029f4fea0000, 0x0000029f503e0000, 0x0000029f573d0000]
CodeHeap 'non-nmethods': size=5696Kb used=1125Kb max_used=1147Kb free=4570Kb
 bounds [0x0000029f4f910000, 0x0000029f4fb80000, 0x0000029f4fea0000]
 total_blobs=3657 nmethods=2554 adapters=355
 compilation: enabled
              stopped_count=0, restarted_count=0
 full_count=0

Compilation events (10 events):
Event: 7.408 Thread 0x0000029f65901000 2526       3       java.lang.String::startsWith (7 bytes)
Event: 7.408 Thread 0x0000029f65901000 nmethod 2526 0x0000029f503c8190 code [0x0000029f503c8340, 0x0000029f503c84f0]
Event: 7.410 Thread 0x0000029f65901000 2528       1       java.util.zip.ZipFile$ZipFileInputStream::size (5 bytes)
Event: 7.410 Thread 0x0000029f65901000 nmethod 2528 0x0000029f574d3c90 code [0x0000029f574d3e20, 0x0000029f574d3f38]
Event: 7.414 Thread 0x0000029f65901000 2530       1       java.nio.Buffer::capacity (5 bytes)
Event: 7.414 Thread 0x0000029f65901000 nmethod 2530 0x0000029f574d3f90 code [0x0000029f574d4120, 0x0000029f574d4238]
Event: 7.417 Thread 0x0000029f65901000 2531       3       sun.nio.cs.UTF_8$Decoder::isNotContinuation (17 bytes)
Event: 7.418 Thread 0x0000029f65901000 nmethod 2531 0x0000029f503c8590 code [0x0000029f503c8740, 0x0000029f503c88d8]
Event: 7.420 Thread 0x0000029f65901000 2532       3       sun.nio.cs.UTF_8$Decoder::isMalformed3 (45 bytes)
Event: 7.421 Thread 0x0000029f65901000 nmethod 2532 0x0000029f503c8990 code [0x0000029f503c8b40, 0x0000029f503c8db8]

GC Heap History (8 events):
Event: 2.916 GC heap before
{Heap before GC invocations=0 (full 0):
 garbage-first heap   total 129024K, used 14336K [0x0000000082000000, 0x0000000100000000)
  region size 1024K, 14 young (14336K), 0 survivors (0K)
 Metaspace       used 10841K, capacity 11017K, committed 11136K, reserved 1058816K
  class space    used 1041K, capacity 1120K, committed 1152K, reserved 1048576K
}
Event: 2.923 GC heap after
{Heap after GC invocations=1 (full 0):
 garbage-first heap   total 129024K, used 3118K [0x0000000082000000, 0x0000000100000000)
  region size 1024K, 2 young (2048K), 2 survivors (2048K)
 Metaspace       used 10841K, capacity 11017K, committed 11136K, reserved 1058816K
  class space    used 1041K, capacity 1120K, committed 1152K, reserved 1048576K
}
Event: 3.347 GC heap before
{Heap before GC invocations=1 (full 0):
 garbage-first heap   total 129024K, used 12334K [0x0000000082000000, 0x0000000100000000)
  region size 1024K, 11 young (11264K), 2 survivors (2048K)
 Metaspace       used 12424K, capacity 12661K, committed 12928K, reserved 1060864K
  class space    used 1252K, capacity 1348K, committed 1408K, reserved 1048576K
}
Event: 3.353 GC heap after
{Heap after GC invocations=2 (full 0):
 garbage-first heap   total 129024K, used 3861K [0x0000000082000000, 0x0000000100000000)
  region size 1024K, 1 young (1024K), 1 survivors (1024K)
 Metaspace       used 12424K, capacity 12661K, committed 12928K, reserved 1060864K
  class space    used 1252K, capacity 1348K, committed 1408K, reserved 1048576K
}
Event: 4.456 GC heap before
{Heap before GC invocations=2 (full 0):
 garbage-first heap   total 129024K, used 31509K [0x0000000082000000, 0x0000000100000000)
  region size 1024K, 28 young (28672K), 1 survivors (1024K)
 Metaspace       used 15888K, capacity 16101K, committed 16256K, reserved 1062912K
  class space    used 1682K, capacity 1809K, committed 1920K, reserved 1048576K
}
Event: 4.462 GC heap after
{Heap after GC invocations=3 (full 0):
 garbage-first heap   total 129024K, used 4736K [0x0000000082000000, 0x0000000100000000)
  region size 1024K, 2 young (2048K), 2 survivors (2048K)
 Metaspace       used 15888K, capacity 16101K, committed 16256K, reserved 1062912K
  class space    used 1682K, capacity 1809K, committed 1920K, reserved 1048576K
}
Event: 6.457 GC heap before
{Heap before GC invocations=3 (full 0):
 garbage-first heap   total 129024K, used 30336K [0x0000000082000000, 0x0000000100000000)
  region size 1024K, 28 young (28672K), 2 survivors (2048K)
 Metaspace       used 20862K, capacity 21173K, committed 21296K, reserved 1069056K
  class space    used 2247K, capacity 2379K, committed 2432K, reserved 1048576K
}
Event: 6.466 GC heap after
{Heap after GC invocations=4 (full 0):
 garbage-first heap   total 129024K, used 6902K [0x0000000082000000, 0x0000000100000000)
  region size 1024K, 4 young (4096K), 4 survivors (4096K)
 Metaspace       used 20862K, capacity 21173K, committed 21296K, reserved 1069056K
  class space    used 2247K, capacity 2379K, committed 2432K, reserved 1048576K
}

Deoptimization events (10 events):
Event: 6.019 Thread 0x0000029f4750b000 Uncommon trap: reason=unstable_if action=reinterpret pc=0x0000029f5749edfc method=org.codehaus.plexus.util.xml.pull.MXParser.nextImpl()I @ 1161 c2
Event: 6.407 Thread 0x0000029f4750b000 Uncommon trap: reason=unstable_if action=reinterpret pc=0x0000029f5743f95c method=java.nio.Buffer.limit(I)Ljava/nio/Buffer; @ 45 c2
Event: 6.409 Thread 0x0000029f4750b000 Uncommon trap: reason=unstable_if action=reinterpret pc=0x0000029f57414a48 method=java.nio.Buffer.limit(I)Ljava/nio/Buffer; @ 45 c2
Event: 6.424 Thread 0x0000029f4750b000 Uncommon trap: reason=unstable_if action=reinterpret pc=0x0000029f574b57b0 method=java.lang.StringLatin1.trim([B)Ljava/lang/String; @ 60 c2
Event: 6.424 Thread 0x0000029f4750b000 Uncommon trap: reason=unstable_if action=reinterpret pc=0x0000029f574aafa4 method=java.lang.StringLatin1.trim([B)Ljava/lang/String; @ 60 c2
Event: 6.513 Thread 0x0000029f4750b000 Uncommon trap: reason=null_check action=make_not_entrant pc=0x0000029f57494c6c method=java.net.URL.getURLStreamHandler(Ljava/lang/String;)Ljava/net/URLStreamHandler; @ 7 c2
Event: 6.515 Thread 0x0000029f4750b000 Uncommon trap: reason=unstable_if action=reinterpret pc=0x0000029f574867a4 method=sun.net.util.IPAddressUtil.scan(Ljava/lang/String;JJ[C)I @ 14 c2
Event: 6.651 Thread 0x0000029f4750b000 Uncommon trap: reason=unstable_if action=reinterpret pc=0x0000029f573d72e0 method=java.net.URI.match(CJJ)Z @ 45 c2
Event: 7.210 Thread 0x0000029f4750b000 Uncommon trap: reason=unstable_if action=reinterpret pc=0x0000029f5744392c method=java.io.WinNTFileSystem.normalize(Ljava/lang/String;)Ljava/lang/String; @ 128 c2
Event: 7.408 Thread 0x0000029f4750b000 Uncommon trap: reason=unstable_if action=reinterpret pc=0x0000029f574a1fb4 method=java.lang.String.startsWith(Ljava/lang/String;I)Z @ 46 c2

Classes redefined (0 events):
No events

Internal exceptions (10 events):
Event: 4.923 Thread 0x0000029f4750b000 Exception <a 'java/lang/NoClassDefFoundError'{0x0000000089312a78}> (0x0000000089312a78) thrown at [./open/src/hotspot/share/prims/jvm.cpp, line 1300]
Event: 4.923 Thread 0x0000029f4750b000 Exception <a 'java/lang/NoClassDefFoundError'{0x0000000089315e70}: javax/annotation/Priority> (0x0000000089315e70) thrown at [./open/src/hotspot/share/classfile/systemDictionary.cpp, line 217]
Event: 5.022 Thread 0x0000029f4750b000 Exception <a 'java/lang/NoSuchMethodError'{0x000000008926e118}: java.lang.invoke.DirectMethodHandle$Holder.invokeStaticInit(Ljava/lang/Object;IIII)Ljava/lang/Object;> (0x000000008926e118) thrown at [./open/src/hotspot/share/interpreter/linkResolver.cpp, l
Event: 6.477 Thread 0x0000029f4750b000 Exception <a 'java/lang/NoSuchMethodError'{0x0000000089d0bb98}: java.lang.invoke.DirectMethodHandle$Holder.invokeStaticInit(Ljava/lang/Object;Ljava/lang/Object;Ljava/lang/Object;Ljava/lang/Object;)I> (0x0000000089d0bb98) thrown at [./open/src/hotspot/shar
Event: 6.480 Thread 0x0000029f4750b000 Exception <a 'java/lang/IncompatibleClassChangeError'{0x0000000089d15970}: Found class java.lang.Object, but interface was expected> (0x0000000089d15970) thrown at [./open/src/hotspot/share/interpreter/linkResolver.cpp, line 838]
Event: 6.485 Thread 0x0000029f4750b000 Exception <a 'java/lang/NoSuchMethodError'{0x0000000089d19130}: java.lang.invoke.DirectMethodHandle$Holder.invokeStaticInit(Ljava/lang/Object;Ljava/lang/Object;)V> (0x0000000089d19130) thrown at [./open/src/hotspot/share/interpreter/linkResolver.cpp, line
Event: 6.487 Thread 0x0000029f4750b000 Exception <a 'java/lang/NoSuchMethodError'{0x0000000089d1f368}: java.lang.invoke.DirectMethodHandle$Holder.invokeStaticInit(Ljava/lang/Object;Ljava/lang/Object;)I> (0x0000000089d1f368) thrown at [./open/src/hotspot/share/interpreter/linkResolver.cpp, line
Event: 6.502 Thread 0x0000029f4750b000 Exception <a 'sun/nio/fs/WindowsException'{0x0000000089d48e48}> (0x0000000089d48e48) thrown at [./open/src/hotspot/share/prims/jni.cpp, line 611]
Event: 6.513 Thread 0x0000029f4750b000 Implicit null exception at 0x0000029f57491d64 to 0x0000029f57494c5e
Event: 7.238 Thread 0x0000029f4750b000 Exception <a 'java/lang/NoSuchMethodError'{0x00000000897c5078}: java.lang.invoke.DirectMethodHandle$Holder.invokeStaticInit(Ljava/lang/Object;Ljava/lang/Object;IIII)Ljava/lang/Object;> (0x00000000897c5078) thrown at [./open/src/hotspot/share/interpreter/l

Events (10 events):
Event: 7.400 loading class org/apache/maven/wagon/providers/http/httpclient/conn/util/PublicSuffixMatcherLoader done
Event: 7.403 loading class org/apache/maven/wagon/providers/http/httpclient/conn/util/PublicSuffixListParser
Event: 7.403 loading class org/apache/maven/wagon/providers/http/httpclient/conn/util/PublicSuffixListParser done
Event: 7.403 loading class org/apache/maven/wagon/providers/http/httpclient/Consts
Event: 7.403 loading class org/apache/maven/wagon/providers/http/httpclient/Consts done
Event: 7.406 loading class org/apache/maven/wagon/providers/http/httpclient/conn/util/DomainType
Event: 7.406 loading class org/apache/maven/wagon/providers/http/httpclient/conn/util/DomainType done
Event: 7.408 Thread 0x0000029f4750b000 Uncommon trap: trap_request=0xffffff4d fr.pc=0x0000029f574a1fb4 relative=0x0000000000000194
Event: 7.408 Thread 0x0000029f4750b000 DEOPT PACKING pc=0x0000029f574a1fb4 sp=0x000000f5baefb6e0
Event: 7.408 Thread 0x0000029f4750b000 DEOPT UNPACKING pc=0x0000029f4f938f2f sp=0x000000f5baefb5f0 mode 2


Dynamic libraries:
0x00007ff641e10000 - 0x00007ff641e57000 	C:\Program Files\Java\jdk-11.0.7\bin\java.exe
0x00007ff80ed40000 - 0x00007ff80ef30000 	C:\WINDOWS\SYSTEM32\ntdll.dll
0x00007ffff1300000 - 0x00007ffff1313000 	C:\Program Files (x86)\AVG\Antivirus\aswhook.dll
0x00007ff80e750000 - 0x00007ff80e802000 	C:\WINDOWS\System32\KERNEL32.DLL
0x00007ff80c1d0000 - 0x00007ff80c474000 	C:\WINDOWS\System32\KERNELBASE.dll
0x00007ff80ea20000 - 0x00007ff80eac3000 	C:\WINDOWS\System32\ADVAPI32.dll
0x00007ff80df50000 - 0x00007ff80dfee000 	C:\WINDOWS\System32\msvcrt.dll
0x00007ff80ceb0000 - 0x00007ff80cf47000 	C:\WINDOWS\System32\sechost.dll
0x00007ff80e5b0000 - 0x00007ff80e6d0000 	C:\WINDOWS\System32\RPCRT4.dll
0x00007ff80dd50000 - 0x00007ff80dee4000 	C:\WINDOWS\System32\USER32.dll
0x00007ff80be70000 - 0x00007ff80be91000 	C:\WINDOWS\System32\win32u.dll
0x00007ff80d1b0000 - 0x00007ff80d1d6000 	C:\WINDOWS\System32\GDI32.dll
0x00007ff80bcd0000 - 0x00007ff80be65000 	C:\WINDOWS\System32\gdi32full.dll
0x00007ff80cd50000 - 0x00007ff80cdee000 	C:\WINDOWS\System32\msvcp_win.dll
0x00007ff80c0b0000 - 0x00007ff80c1aa000 	C:\WINDOWS\System32\ucrtbase.dll
0x00007ffff04e0000 - 0x00007ffff0764000 	C:\WINDOWS\WinSxS\amd64_microsoft.windows.common-controls_6595b64144ccf1df_6.0.18362.900_none_e6beb9d913147d17\COMCTL32.dll
0x00007ff80da00000 - 0x00007ff80dd35000 	C:\WINDOWS\System32\combase.dll
0x00007ff80bfa0000 - 0x00007ff80c020000 	C:\WINDOWS\System32\bcryptPrimitives.dll
0x00007ff801970000 - 0x00007ff80197a000 	C:\WINDOWS\SYSTEM32\VERSION.dll
0x00007ff80d180000 - 0x00007ff80d1ae000 	C:\WINDOWS\System32\IMM32.DLL
0x00007ffffdec0000 - 0x00007ffffded6000 	C:\Program Files\Java\jdk-11.0.7\bin\vcruntime140.dll
0x00007fffda2a0000 - 0x00007fffda34a000 	C:\Program Files\Java\jdk-11.0.7\bin\msvcp140.dll
0x00007fffac870000 - 0x00007fffad3d1000 	C:\Program Files\Java\jdk-11.0.7\bin\server\jvm.dll
0x00007ff80cea0000 - 0x00007ff80cea8000 	C:\WINDOWS\System32\PSAPI.DLL
0x00007ffffbeb0000 - 0x00007ffffbeb9000 	C:\WINDOWS\SYSTEM32\WSOCK32.dll
0x00007ff80d990000 - 0x00007ff80d9ff000 	C:\WINDOWS\System32\WS2_32.dll
0x00007ff808720000 - 0x00007ff808744000 	C:\WINDOWS\SYSTEM32\WINMM.dll
0x00007ff8086f0000 - 0x00007ff80871d000 	C:\WINDOWS\SYSTEM32\WINMMBASE.dll
0x00007ff80bf50000 - 0x00007ff80bf9a000 	C:\WINDOWS\System32\cfgmgr32.dll
0x00007ff80bc10000 - 0x00007ff80bc21000 	C:\WINDOWS\System32\kernel.appcore.dll
0x00007ffffe0e0000 - 0x00007ffffe0f1000 	C:\Program Files\Java\jdk-11.0.7\bin\verify.dll
0x00007ff80a520000 - 0x00007ff80a714000 	C:\WINDOWS\SYSTEM32\DBGHELP.DLL
0x00007ff800df0000 - 0x00007ff800e1a000 	C:\WINDOWS\SYSTEM32\dbgcore.DLL
0x00007ffffcbe0000 - 0x00007ffffcc09000 	C:\Program Files\Java\jdk-11.0.7\bin\java.dll
0x00007ffffddb0000 - 0x00007ffffddba000 	C:\Program Files\Java\jdk-11.0.7\bin\jimage.dll
0x00007ffffd7a0000 - 0x00007ffffd7b6000 	C:\Program Files\Java\jdk-11.0.7\bin\zip.dll
0x00007ff80d1f0000 - 0x00007ff80d8d6000 	C:\WINDOWS\System32\SHELL32.dll
0x00007ff80cdf0000 - 0x00007ff80ce99000 	C:\WINDOWS\System32\shcore.dll
0x00007ff80c480000 - 0x00007ff80cc00000 	C:\WINDOWS\System32\windows.storage.dll
0x00007ff80bc80000 - 0x00007ff80bca3000 	C:\WINDOWS\System32\profapi.dll
0x00007ff80bc30000 - 0x00007ff80bc7a000 	C:\WINDOWS\System32\powrprof.dll
0x00007ff80bc00000 - 0x00007ff80bc10000 	C:\WINDOWS\System32\UMPDC.dll
0x00007ff80def0000 - 0x00007ff80df42000 	C:\WINDOWS\System32\shlwapi.dll
0x00007ff80c1b0000 - 0x00007ff80c1c7000 	C:\WINDOWS\System32\cryptsp.dll
0x00007ffffcd60000 - 0x00007ffffcd79000 	C:\Program Files\Java\jdk-11.0.7\bin\net.dll
0x00007ffffdf40000 - 0x00007ffffe030000 	C:\WINDOWS\SYSTEM32\WINHTTP.dll
0x00007ff80b410000 - 0x00007ff80b477000 	C:\WINDOWS\system32\mswsock.dll
0x00007ffffcc50000 - 0x00007ffffcc63000 	C:\Program Files\Java\jdk-11.0.7\bin\nio.dll
0x00007ffffe170000 - 0x00007ffffe17a000 	C:\Users\diksh\Desktop\MAVEN\apache-maven-3.6.3-bin\apache-maven-3.6.3\lib\jansi-native\windows64\jansi.dll
0x00007ffffadd0000 - 0x00007ffffadf6000 	C:\Program Files\Java\jdk-11.0.7\bin\sunec.dll
0x00007ff80af80000 - 0x00007ff80afb3000 	C:\WINDOWS\system32\rsaenh.dll
0x00007ff80c020000 - 0x00007ff80c046000 	C:\WINDOWS\System32\bcrypt.dll
0x00007ff80bb20000 - 0x00007ff80bb45000 	C:\WINDOWS\SYSTEM32\USERENV.dll
0x00007ff80b5e0000 - 0x00007ff80b5ec000 	C:\WINDOWS\SYSTEM32\CRYPTBASE.dll
0x00007ff80b120000 - 0x00007ff80b15a000 	C:\WINDOWS\SYSTEM32\IPHLPAPI.DLL
0x00007ff80d1e0000 - 0x00007ff80d1e8000 	C:\WINDOWS\System32\NSI.dll
0x00007ff801020000 - 0x00007ff801036000 	C:\WINDOWS\SYSTEM32\dhcpcsvc6.DLL
0x00007ff801b60000 - 0x00007ff801b7c000 	C:\WINDOWS\SYSTEM32\dhcpcsvc.DLL
0x00007ff80b160000 - 0x00007ff80b22b000 	C:\WINDOWS\SYSTEM32\DNSAPI.dll

dbghelp: loaded successfully - version: 4.0.5 - missing functions: none
symbol engine: initialized successfully - sym options: 0x614 - pdb path: .;C:\Program Files\Java\jdk-11.0.7\bin;C:\WINDOWS\SYSTEM32;C:\Program Files (x86)\AVG\Antivirus;C:\WINDOWS\WinSxS\amd64_microsoft.windows.common-controls_6595b64144ccf1df_6.0.18362.900_none_e6beb9d913147d17;C:\Program Files\Java\jdk-11.0.7\bin\server;C:\Users\diksh\Desktop\MAVEN\apache-maven-3.6.3-bin\apache-maven-3.6.3\lib\jansi-native\windows64

VM Arguments:
jvm_args: -Dclassworlds.conf=C:\Users\diksh\Desktop\MAVEN\apache-maven-3.6.3-bin\apache-maven-3.6.3\bin\..\bin\m2.conf -Dmaven.home=C:\Users\diksh\Desktop\MAVEN\apache-maven-3.6.3-bin\apache-maven-3.6.3\bin\.. -Dlibrary.jansi.path=C:\Users\diksh\Desktop\MAVEN\apache-maven-3.6.3-bin\apache-maven-3.6.3\bin\..\lib\jansi-native -Dmaven.multiModuleProjectDirectory=C:\Users\diksh\Downloads\CiCdIntegration-master\CiCdIntegration-master 
java_command: org.codehaus.plexus.classworlds.launcher.Launcher test
java_class_path (initial): C:\Users\diksh\Desktop\MAVEN\apache-maven-3.6.3-bin\apache-maven-3.6.3\bin\..\boot\plexus-classworlds-2.6.0.jar
Launcher Type: SUN_STANDARD

[Global flags]
     intx CICompilerCount                          = 3                                         {product} {ergonomic}
     uint ConcGCThreads                            = 1                                         {product} {ergonomic}
     uint G1ConcRefinementThreads                  = 4                                         {product} {ergonomic}
   size_t G1HeapRegionSize                         = 1048576                                   {product} {ergonomic}
    uintx GCDrainStackTargetSize                   = 64                                        {product} {ergonomic}
   size_t InitialHeapSize                          = 132120576                                 {product} {ergonomic}
   size_t MarkStackSize                            = 4194304                                   {product} {ergonomic}
   size_t MaxHeapSize                              = 2113929216                                {product} {ergonomic}
   size_t MaxNewSize                               = 1267728384                                {product} {ergonomic}
   size_t MinHeapDeltaBytes                        = 1048576                                   {product} {ergonomic}
    uintx NonNMethodCodeHeapSize                   = 5830732                                {pd product} {ergonomic}
    uintx NonProfiledCodeHeapSize                  = 122913754                              {pd product} {ergonomic}
    uintx ProfiledCodeHeapSize                     = 122913754                              {pd product} {ergonomic}
    uintx ReservedCodeCacheSize                    = 251658240                              {pd product} {ergonomic}
     bool SegmentedCodeCache                       = true                                      {product} {ergonomic}
     bool UseCompressedClassPointers               = true                                 {lp64_product} {ergonomic}
     bool UseCompressedOops                        = true                                 {lp64_product} {ergonomic}
     bool UseG1GC                                  = true                                      {product} {ergonomic}
     bool UseLargePagesIndividualAllocation        = false                                  {pd product} {ergonomic}

Logging:
Log output configuration:
 #0: stdout all=warning uptime,level,tags
 #1: stderr all=off uptime,level,tags

Environment Variables:
JAVA_HOME=C:\Program Files\Java\jdk-11.0.7
PATH=C:\oraclexe\app\oracle\product\11.2.0\server\bin;C:\Program Files (x86)\Intel\iCLS Client\;C:\Program Files\Intel\iCLS Client\;C:\WINDOWS\system32;C:\WINDOWS;C:\WINDOWS\System32\Wbem;C:\WINDOWS\System32\WindowsPowerShell\v1.0\;C:\Users\diksh\Desktop\MAVEN\apache-maven-3.6.3-bin\apache-maven-3.6.3\bin;C:\Program Files (x86)\Intel\Intel(R) Management Engine Components\DAL;C:\Program Files\Intel\Intel(R) Management Engine Components\DAL;C:\Program Files (x86)\Intel\Intel(R) Management Engine Components\IPT;C:\Program Files\Intel\Intel(R) Management Engine Components\IPT;%TESTNG_HOME%\testng-6.14.3.jar;C:\WINDOWS\System32\OpenSSH\;C:\Android;C:\Windows\System32;notepad++;C:\Program Files\Microsoft SQL Server\Client SDK\ODBC\130\Tools\Binn\;C:\Program Files (x86)\Microsoft SQL Server\140\Tools\Binn\;C:\Program Files\Microsoft SQL Server\140\Tools\Binn\;C:\Program Files\Microsoft SQL Server\140\DTS\Binn\;C:\Program Files (x86)\Microsoft SQL Server\150\DTS\Binn\;C:\Program Files\nodejs\;C:\Users\diksh\AppData\Local\Android\Sdk\platform-tools;C:\Users\diksh\AppData\Local\Android\Sdk\tools;C:\Users\diksh\AppData\Local\Android\Sdk\tools\bin;C:\Program Files\Git\cmd;C:\Program Files\Java\jdk-11.0.7\bin;C:\Program Files\dotnet\;C:\Program Files\TortoiseGit\bin;C:\Program Files\Microsoft SQL Server\130\Tools\Binn\;C:\Program Files\Microsoft SQL Server\Client SDK\ODBC\170\Tools\Binn\;C:\Program Files\MySQL\MySQL Shell 8.0\bin\;C:\Users\diksh\AppData\Local\Microsoft\WindowsApps;C:\Users\diksh\AppData\Roaming\npm;C:\Users\diksh\.dotnet\tools;C:\Users\diksh\AppData\Local\Programs\Microsoft VS Code\bin;C:\Users\diksh\.dotnet\tools
USERNAME=diksh
OS=Windows_NT
PROCESSOR_IDENTIFIER=Intel64 Family 6 Model 78 Stepping 3, GenuineIntel



---------------  S Y S T E M  ---------------

OS: Windows 10 , 64 bit Build 18362 (10.0.18362.900)

CPU:total 4 (initial active 4) (2 cores per cpu, 2 threads per core) family 6 model 78 stepping 3, cmov, cx8, fxsr, mmx, sse, sse2, sse3, ssse3, sse4.1, sse4.2, popcnt, avx, avx2, aes, clmul, erms, 3dnowpref, lzcnt, ht, tsc, tscinvbit, bmi1, bmi2, adx, fma

Memory: 4k page, system-wide physical 8061M (1380M free)
TotalPageFile size 10109M (AvailPageFile size 4M)
current process WorkingSet (physical memory assigned to process): 118M, peak: 118M
current process commit charge ("private bytes"): 242M, peak: 242M

vm_info: Java HotSpot(TM) 64-Bit Server VM (11.0.7+8-LTS) for windows-amd64 JRE (11.0.7+8-LTS), built on Mar 12 2020 02:04:32 by "mach5one" with MS VC++ 15.5 (VS2017)

END.
